2016-11-22 15:51:11,349 INFO:Logging init parameters : {'fileMode': 'w', 'format': '%(asctime)s %(levelname)s:%(message)s', 'level': 20, 'filename': './GA.log'}
2016-11-22 15:51:11,349 INFO:Model 0 inititalized
2016-11-22 15:51:40,022 INFO:Logging init parameters : {'fileMode': 'w', 'format': '%(asctime)s %(levelname)s:%(message)s', 'level': 20, 'filename': './GA.log'}
2016-11-22 15:51:40,022 INFO:Model 0 inititalized
2016-11-22 15:51:40,522 INFO:Loading map : ./maps/sample.png [29,30]
2016-11-22 15:51:40,974 INFO:Adding poi (1, 28)
2016-11-22 15:51:40,974 INFO:Adding poi (2, 28)
2016-11-22 15:51:40,974 INFO:Adding poi (3, 28)
2016-11-22 15:51:40,974 INFO:Adding poi (4, 28)
2016-11-22 15:51:40,974 INFO:Adding poi (13, 1)
2016-11-22 15:51:40,974 INFO:Adding poi (13, 2)
2016-11-22 15:51:40,974 INFO:Adding poi (13, 3)
2016-11-22 15:51:40,974 INFO:Adding poi (14, 1)
2016-11-22 15:51:40,974 INFO:Adding poi (14, 2)
2016-11-22 15:51:40,974 INFO:Adding poi (14, 3)
2016-11-22 15:51:40,974 INFO:Adding poi (15, 1)
2016-11-22 15:51:40,974 INFO:Adding poi (15, 2)
2016-11-22 15:51:40,974 INFO:Adding poi (25, 28)
2016-11-22 15:51:40,974 INFO:Adding poi (26, 28)
2016-11-22 15:51:40,974 INFO:Adding poi (27, 28)
2016-11-22 15:52:08,325 INFO:Logging init parameters : {'fileMode': 'w', 'format': '%(asctime)s %(levelname)s:%(message)s', 'level': 20, 'filename': './GA.log'}
2016-11-22 15:52:08,325 INFO:Model 0 inititalized
2016-11-22 15:52:08,325 INFO:Loading map : ./maps/sample.png [29,30]
2016-11-22 15:52:08,408 INFO:Adding poi (1, 28)
2016-11-22 15:52:08,408 INFO:Adding poi (2, 28)
2016-11-22 15:52:08,408 INFO:Adding poi (3, 28)
2016-11-22 15:52:08,408 INFO:Adding poi (4, 28)
2016-11-22 15:52:08,408 INFO:Adding poi (13, 1)
2016-11-22 15:52:08,408 INFO:Adding poi (13, 2)
2016-11-22 15:52:08,408 INFO:Adding poi (13, 3)
2016-11-22 15:52:08,408 INFO:Adding poi (14, 1)
2016-11-22 15:52:08,408 INFO:Adding poi (14, 2)
2016-11-22 15:52:08,408 INFO:Adding poi (14, 3)
2016-11-22 15:52:08,408 INFO:Adding poi (15, 1)
2016-11-22 15:52:08,408 INFO:Adding poi (15, 2)
2016-11-22 15:52:08,408 INFO:Adding poi (25, 28)
2016-11-22 15:52:08,408 INFO:Adding poi (26, 28)
2016-11-22 15:52:08,408 INFO:Adding poi (27, 28)
2016-11-22 15:52:32,081 INFO:Logging init parameters : {'fileMode': 'w', 'format': '%(asctime)s %(levelname)s:%(message)s', 'level': 20, 'filename': './GA.log'}
2016-11-22 15:52:32,081 INFO:Model 0 inititalized
2016-11-22 15:52:32,096 INFO:Loading map : ./maps/sample.png [29,30]
2016-11-22 15:52:32,197 INFO:Adding poi (1, 28)
2016-11-22 15:52:32,197 INFO:Adding poi (2, 28)
2016-11-22 15:52:32,197 INFO:Adding poi (3, 28)
2016-11-22 15:52:32,197 INFO:Adding poi (4, 28)
2016-11-22 15:52:32,197 INFO:Adding poi (13, 1)
2016-11-22 15:52:32,197 INFO:Adding poi (13, 2)
2016-11-22 15:52:32,197 INFO:Adding poi (13, 3)
2016-11-22 15:52:32,197 INFO:Adding poi (14, 1)
2016-11-22 15:52:32,197 INFO:Adding poi (14, 2)
2016-11-22 15:52:32,197 INFO:Adding poi (14, 3)
2016-11-22 15:52:32,197 INFO:Adding poi (15, 1)
2016-11-22 15:52:32,197 INFO:Adding poi (15, 2)
2016-11-22 15:52:32,197 INFO:Adding poi (25, 28)
2016-11-22 15:52:32,197 INFO:Adding poi (26, 28)
2016-11-22 15:52:32,197 INFO:Adding poi (27, 28)
2016-11-22 15:52:32,197 INFO:Waypoints : 1, Coverage 0.161290%
2016-11-22 15:52:32,243 INFO:Waypoints : 2, Coverage 0.322581%
2016-11-22 15:52:32,243 INFO:Waypoints : 3, Coverage 0.483871%
2016-11-22 15:52:32,243 INFO:Waypoints : 4, Coverage 0.645161%
2016-11-22 15:52:32,243 INFO:Waypoints : 5, Coverage 0.806452%
2016-11-22 15:52:32,243 INFO:Waypoints : 6, Coverage 0.967742%
2016-11-22 15:52:32,243 INFO:Waypoints : 7, Coverage 1.129032%
2016-11-22 15:52:32,243 INFO:Waypoints : 8, Coverage 1.290323%
2016-11-22 15:52:32,243 INFO:Waypoints : 9, Coverage 1.451613%
2016-11-22 15:52:32,243 INFO:Waypoints : 10, Coverage 1.612903%
2016-11-22 15:52:32,243 INFO:Waypoints : 11, Coverage 1.774194%
2016-11-22 15:52:32,243 INFO:Waypoints : 12, Coverage 1.935484%
2016-11-22 15:52:32,243 INFO:Waypoints : 13, Coverage 2.096774%
2016-11-22 15:52:32,243 INFO:Waypoints : 14, Coverage 2.258065%
2016-11-22 15:52:32,243 INFO:Waypoints : 15, Coverage 2.419355%
2016-11-22 15:52:32,243 INFO:Waypoints : 16, Coverage 2.580645%
2016-11-22 15:52:32,259 INFO:Waypoints : 17, Coverage 2.741935%
2016-11-22 15:52:32,259 INFO:Waypoints : 18, Coverage 2.903226%
2016-11-22 15:52:32,259 INFO:Waypoints : 19, Coverage 3.064516%
2016-11-22 15:52:32,260 INFO:Waypoints : 20, Coverage 3.225806%
2016-11-22 15:52:32,260 INFO:Waypoints : 21, Coverage 3.387097%
2016-11-22 15:52:32,260 INFO:Waypoints : 22, Coverage 3.548387%
2016-11-22 15:52:32,262 INFO:Waypoints : 23, Coverage 3.709677%
2016-11-22 15:52:32,262 INFO:Waypoints : 24, Coverage 3.870968%
2016-11-22 15:52:32,262 INFO:Waypoints : 25, Coverage 4.032258%
2016-11-22 15:52:32,262 INFO:====================
2016-11-22 15:52:32,263 INFO:= GENETIC  PATHING =
2016-11-22 15:52:32,263 INFO:====================
2016-11-22 15:52:32,263 INFO:    generations : 100
2016-11-22 15:52:32,263 INFO:     inital pop : 200
2016-11-22 15:52:32,263 INFO:       pop size : 100
2016-11-22 15:52:32,263 INFO:  mutation rate : 0.1
2016-11-22 15:52:32,263 INFO:      grow rate : 0.2
2016-11-22 15:52:32,365 INFO:Path 0 found
2016-11-22 15:52:32,381 INFO:Path 1 found
2016-11-22 15:52:32,381 INFO:Path 2 found
2016-11-22 15:52:32,381 INFO:Path 3 found
2016-11-22 15:52:32,397 INFO:Path 4 found
2016-11-22 15:52:32,397 INFO:Path 5 found
2016-11-22 15:52:32,413 INFO:Path 6 found
2016-11-22 15:52:32,413 INFO:Path 7 found
2016-11-22 15:52:32,428 INFO:Path 8 found
2016-11-22 15:52:32,428 INFO:Path 9 found
2016-11-22 15:52:32,428 INFO:Path 10 found
2016-11-22 15:52:32,444 INFO:Path 11 found
2016-11-22 15:52:32,444 INFO:Path 12 found
2016-11-22 15:52:32,463 INFO:Path 13 found
2016-11-22 15:52:32,470 INFO:Path 14 found
2016-11-22 15:52:32,477 INFO:Path 15 found
2016-11-22 15:52:32,484 INFO:Path 16 found
2016-11-22 15:52:32,492 INFO:Path 17 found
2016-11-22 15:52:32,499 INFO:Path 18 found
2016-11-22 15:52:32,506 INFO:Path 19 found
2016-11-22 15:52:32,513 INFO:Path 20 found
2016-11-22 15:52:32,519 INFO:Path 21 found
2016-11-22 15:52:32,526 INFO:Path 22 found
2016-11-22 15:52:32,535 INFO:Path 23 found
2016-11-22 15:52:32,542 INFO:Path 24 found
2016-11-22 15:52:32,549 INFO:Path 25 found
2016-11-22 15:52:32,556 INFO:Path 26 found
2016-11-22 15:52:32,562 INFO:Path 27 found
2016-11-22 15:52:32,571 INFO:Path 28 found
2016-11-22 15:52:32,578 INFO:Path 29 found
2016-11-22 15:52:32,585 INFO:Path 30 found
2016-11-22 15:52:32,592 INFO:Path 31 found
2016-11-22 15:52:32,598 INFO:Path 32 found
2016-11-22 15:52:32,607 INFO:Path 33 found
2016-11-22 15:52:32,614 INFO:Path 34 found
2016-11-22 15:52:32,621 INFO:Path 35 found
2016-11-22 15:52:32,628 INFO:Path 36 found
2016-11-22 15:52:32,634 INFO:Path 37 found
2016-11-22 15:52:32,642 INFO:Path 38 found
2016-11-22 15:52:32,650 INFO:Path 39 found
2016-11-22 15:52:32,657 INFO:Path 40 found
2016-11-22 15:52:32,664 INFO:Path 41 found
2016-11-22 15:52:32,671 INFO:Path 42 found
2016-11-22 15:52:32,677 INFO:Path 43 found
2016-11-22 15:52:32,686 INFO:Path 44 found
2016-11-22 15:52:32,693 INFO:Path 45 found
2016-11-22 15:52:32,700 INFO:Path 46 found
2016-11-22 15:52:32,707 INFO:Path 47 found
2016-11-22 15:52:32,713 INFO:Path 48 found
2016-11-22 15:52:32,720 INFO:Path 49 found
2016-11-22 15:52:32,727 INFO:Path 50 found
2016-11-22 15:52:32,734 INFO:Path 51 found
2016-11-22 15:52:32,742 INFO:Path 52 found
2016-11-22 15:52:32,750 INFO:Path 53 found
2016-11-22 15:52:32,756 INFO:Path 54 found
2016-11-22 15:52:32,763 INFO:Path 55 found
2016-11-22 15:52:32,770 INFO:Path 56 found
2016-11-22 15:52:32,778 INFO:Path 57 found
2016-11-22 15:52:32,785 INFO:Path 58 found
2016-11-22 15:52:32,792 INFO:Path 59 found
2016-11-22 15:52:32,799 INFO:Path 60 found
2016-11-22 15:52:32,805 INFO:Path 61 found
2016-11-22 15:52:32,812 INFO:Path 62 found
2016-11-22 15:52:32,819 INFO:Path 63 found
2016-11-22 15:52:32,826 INFO:Path 64 found
2016-11-22 15:52:32,834 INFO:Path 65 found
2016-11-22 15:52:32,841 INFO:Path 66 found
2016-11-22 15:52:32,848 INFO:Path 67 found
2016-11-22 15:52:32,855 INFO:Path 68 found
2016-11-22 15:52:32,861 INFO:Path 69 found
2016-11-22 15:52:32,868 INFO:Path 70 found
2016-11-22 15:52:32,875 INFO:Path 71 found
2016-11-22 15:52:32,882 INFO:Path 72 found
2016-11-22 15:52:32,891 INFO:Path 73 found
2016-11-22 15:52:32,898 INFO:Path 74 found
2016-11-22 15:52:32,904 INFO:Path 75 found
2016-11-22 15:52:32,911 INFO:Path 76 found
2016-11-22 15:52:32,918 INFO:Path 77 found
2016-11-22 15:52:32,926 INFO:Path 78 found
2016-11-22 15:52:32,933 INFO:Path 79 found
2016-11-22 15:52:32,940 INFO:Path 80 found
2016-11-22 15:52:32,947 INFO:Path 81 found
2016-11-22 15:52:32,953 INFO:Path 82 found
2016-11-22 15:52:32,960 INFO:Path 83 found
2016-11-22 15:52:32,967 INFO:Path 84 found
2016-11-22 15:52:32,976 INFO:Path 85 found
2016-11-22 15:52:32,983 INFO:Path 86 found
2016-11-22 15:52:32,990 INFO:Path 87 found
2016-11-22 15:52:32,996 INFO:Path 88 found
2016-11-22 15:52:33,003 INFO:Path 89 found
2016-11-22 15:52:33,012 INFO:Path 90 found
2016-11-22 15:52:33,019 INFO:Path 91 found
2016-11-22 15:52:33,026 INFO:Path 92 found
2016-11-22 15:52:33,032 INFO:Path 93 found
2016-11-22 15:52:33,039 INFO:Path 94 found
2016-11-22 15:52:33,046 INFO:Path 95 found
2016-11-22 15:52:33,053 INFO:Path 96 found
2016-11-22 15:52:33,061 INFO:Path 97 found
2016-11-22 15:52:33,068 INFO:Path 98 found
2016-11-22 15:52:33,075 INFO:Path 99 found
2016-11-22 15:52:33,082 INFO:Path 100 found
2016-11-22 15:52:33,088 INFO:Path 101 found
2016-11-22 15:52:33,095 INFO:Path 102 found
2016-11-22 15:52:33,102 INFO:Path 103 found
2016-11-22 15:52:33,109 INFO:Path 104 found
2016-11-22 15:52:33,118 INFO:Path 105 found
2016-11-22 15:52:33,125 INFO:Path 106 found
2016-11-22 15:52:33,131 INFO:Path 107 found
2016-11-22 15:52:33,138 INFO:Path 108 found
2016-11-22 15:52:33,145 INFO:Path 109 found
2016-11-22 15:52:33,153 INFO:Path 110 found
2016-11-22 15:52:33,160 INFO:Path 111 found
2016-11-22 15:52:33,167 INFO:Path 112 found
2016-11-22 15:52:33,174 INFO:Path 113 found
2016-11-22 15:52:33,181 INFO:Path 114 found
2016-11-22 15:52:33,188 INFO:Path 115 found
2016-11-22 15:52:33,196 INFO:Path 116 found
2016-11-22 15:52:33,203 INFO:Path 117 found
2016-11-22 15:52:33,210 INFO:Path 118 found
2016-11-22 15:52:33,217 INFO:Path 119 found
2016-11-22 15:52:33,224 INFO:Path 120 found
2016-11-22 15:52:33,232 INFO:Path 121 found
2016-11-22 15:52:33,239 INFO:Path 122 found
2016-11-22 15:52:33,246 INFO:Path 123 found
2016-11-22 15:52:33,253 INFO:Path 124 found
2016-11-22 15:52:33,260 INFO:Path 125 found
2016-11-22 15:52:33,267 INFO:Path 126 found
2016-11-22 15:52:33,275 INFO:Path 127 found
2016-11-22 15:52:33,282 INFO:Path 128 found
2016-11-22 15:52:33,289 INFO:Path 129 found
2016-11-22 15:52:33,296 INFO:Path 130 found
2016-11-22 15:52:33,303 INFO:Path 131 found
2016-11-22 15:52:33,311 INFO:Path 132 found
2016-11-22 15:52:33,318 INFO:Path 133 found
2016-11-22 15:52:33,325 INFO:Path 134 found
2016-11-22 15:52:33,332 INFO:Path 135 found
2016-11-22 15:52:33,338 INFO:Path 136 found
2016-11-22 15:52:33,345 INFO:Path 137 found
2016-11-22 15:52:33,352 INFO:Path 138 found
2016-11-22 15:52:33,361 INFO:Path 139 found
2016-11-22 15:52:33,368 INFO:Path 140 found
2016-11-22 15:52:33,375 INFO:Path 141 found
2016-11-22 15:52:33,382 INFO:Path 142 found
2016-11-22 15:52:33,390 INFO:Path 143 found
2016-11-22 15:52:33,397 INFO:Path 144 found
2016-11-22 15:52:33,404 INFO:Path 145 found
2016-11-22 15:52:33,411 INFO:Path 146 found
2016-11-22 15:52:33,417 INFO:Path 147 found
2016-11-22 15:52:33,424 INFO:Path 148 found
2016-11-22 15:52:33,431 INFO:Path 149 found
2016-11-22 15:52:33,440 INFO:Path 150 found
2016-11-22 15:52:33,447 INFO:Path 151 found
2016-11-22 15:52:33,453 INFO:Path 152 found
2016-11-22 15:52:33,460 INFO:Path 153 found
2016-11-22 15:52:33,467 INFO:Path 154 found
2016-11-22 15:52:33,474 INFO:Path 155 found
2016-11-22 15:52:33,482 INFO:Path 156 found
2016-11-22 15:52:33,489 INFO:Path 157 found
2016-11-22 15:52:33,496 INFO:Path 158 found
2016-11-22 15:52:33,503 INFO:Path 159 found
2016-11-22 15:52:33,510 INFO:Path 160 found
2016-11-22 15:52:33,517 INFO:Path 161 found
2016-11-22 15:52:33,525 INFO:Path 162 found
2016-11-22 15:52:33,532 INFO:Path 163 found
2016-11-22 15:52:33,539 INFO:Path 164 found
2016-11-22 15:52:33,546 INFO:Path 165 found
2016-11-22 15:52:33,553 INFO:Path 166 found
2016-11-22 15:52:33,561 INFO:Path 167 found
2016-11-22 15:52:33,568 INFO:Path 168 found
2016-11-22 15:52:33,575 INFO:Path 169 found
2016-11-22 15:52:33,582 INFO:Path 170 found
2016-11-22 15:52:33,588 INFO:Path 171 found
2016-11-22 15:52:33,595 INFO:Path 172 found
2016-11-22 15:52:33,602 INFO:Path 173 found
2016-11-22 15:52:33,611 INFO:Path 174 found
2016-11-22 15:52:33,618 INFO:Path 175 found
2016-11-22 15:52:33,625 INFO:Path 176 found
2016-11-22 15:52:33,631 INFO:Path 177 found
2016-11-22 15:52:33,638 INFO:Path 178 found
2016-11-22 15:52:33,645 INFO:Path 179 found
2016-11-22 15:52:33,653 INFO:Path 180 found
2016-11-22 15:52:33,660 INFO:Path 181 found
2016-11-22 15:52:33,667 INFO:Path 182 found
2016-11-22 15:52:33,674 INFO:Path 183 found
2016-11-22 15:52:33,681 INFO:Path 184 found
2016-11-22 15:52:33,688 INFO:Path 185 found
2016-11-22 15:52:33,696 INFO:Path 186 found
2016-11-22 15:52:33,703 INFO:Path 187 found
2016-11-22 15:52:33,710 INFO:Path 188 found
2016-11-22 15:52:33,717 INFO:Path 189 found
2016-11-22 15:52:33,723 INFO:Path 190 found
2016-11-22 15:52:33,730 INFO:Path 191 found
2016-11-22 15:52:33,737 INFO:Path 192 found
2016-11-22 15:52:33,744 INFO:Path 193 found
2016-11-22 15:52:33,752 INFO:Path 194 found
2016-11-22 15:52:33,759 INFO:Path 195 found
2016-11-22 15:52:33,766 INFO:Path 196 found
2016-11-22 15:52:33,773 INFO:Path 197 found
2016-11-22 15:52:33,780 INFO:Path 198 found
2016-11-22 15:52:33,788 INFO:Path 199 found
2016-11-22 15:52:35,187 INFO:paths generated : 200
2016-11-22 15:52:35,188 INFO:====GENERATION01====
2016-11-22 15:54:05,460 INFO:Logging init parameters : {'fileMode': 'w', 'format': '%(asctime)s %(levelname)s:%(message)s', 'level': 20, 'filename': './GA.log'}
2016-11-22 15:54:05,460 INFO:Model 0 inititalized
2016-11-22 15:54:05,483 INFO:Loading map : ./maps/sample.png [29,30]
2016-11-22 15:54:05,561 INFO:Adding poi (1, 28)
2016-11-22 15:54:05,561 INFO:Adding poi (2, 28)
2016-11-22 15:54:05,561 INFO:Adding poi (3, 28)
2016-11-22 15:54:05,561 INFO:Adding poi (4, 28)
2016-11-22 15:54:05,561 INFO:Adding poi (13, 1)
2016-11-22 15:54:05,561 INFO:Adding poi (13, 2)
2016-11-22 15:54:05,561 INFO:Adding poi (13, 3)
2016-11-22 15:54:05,561 INFO:Adding poi (14, 1)
2016-11-22 15:54:05,561 INFO:Adding poi (14, 2)
2016-11-22 15:54:05,561 INFO:Adding poi (14, 3)
2016-11-22 15:54:05,561 INFO:Adding poi (15, 1)
2016-11-22 15:54:05,561 INFO:Adding poi (15, 2)
2016-11-22 15:54:05,561 INFO:Adding poi (25, 28)
2016-11-22 15:54:05,561 INFO:Adding poi (26, 28)
2016-11-22 15:54:05,561 INFO:Adding poi (27, 28)
2016-11-22 15:54:05,561 INFO:Waypoints : 1, Coverage 0.161290%
2016-11-22 15:54:05,561 INFO:Waypoints : 2, Coverage 0.322581%
2016-11-22 15:54:05,561 INFO:Waypoints : 3, Coverage 0.483871%
2016-11-22 15:54:05,561 INFO:Waypoints : 4, Coverage 0.645161%
2016-11-22 15:54:05,561 INFO:Waypoints : 5, Coverage 0.806452%
2016-11-22 15:54:05,561 INFO:Waypoints : 6, Coverage 0.967742%
2016-11-22 15:54:05,561 INFO:Waypoints : 7, Coverage 1.129032%
2016-11-22 15:54:05,561 INFO:Waypoints : 8, Coverage 1.290323%
2016-11-22 15:54:05,561 INFO:Waypoints : 9, Coverage 1.451613%
2016-11-22 15:54:05,561 INFO:Waypoints : 10, Coverage 1.612903%
2016-11-22 15:54:05,561 INFO:Waypoints : 11, Coverage 1.774194%
2016-11-22 15:54:05,561 INFO:Waypoints : 12, Coverage 1.935484%
2016-11-22 15:54:05,561 INFO:Waypoints : 13, Coverage 2.096774%
2016-11-22 15:54:05,561 INFO:Waypoints : 14, Coverage 2.258065%
2016-11-22 15:54:05,561 INFO:Waypoints : 15, Coverage 2.419355%
2016-11-22 15:54:05,561 INFO:Waypoints : 16, Coverage 2.580645%
2016-11-22 15:54:05,561 INFO:Waypoints : 17, Coverage 2.741935%
2016-11-22 15:54:05,561 INFO:Waypoints : 18, Coverage 2.903226%
2016-11-22 15:54:05,561 INFO:Waypoints : 19, Coverage 3.064516%
2016-11-22 15:54:05,561 INFO:Waypoints : 20, Coverage 3.225806%
2016-11-22 15:54:05,561 INFO:Waypoints : 21, Coverage 3.387097%
2016-11-22 15:54:05,561 INFO:Waypoints : 22, Coverage 3.548387%
2016-11-22 15:54:05,561 INFO:Waypoints : 23, Coverage 3.709677%
2016-11-22 15:54:05,561 INFO:Waypoints : 24, Coverage 3.870968%
2016-11-22 15:54:05,576 INFO:Waypoints : 25, Coverage 4.032258%
2016-11-22 15:54:05,576 INFO:====================
2016-11-22 15:54:05,576 INFO:= GENETIC  PATHING =
2016-11-22 15:54:05,576 INFO:====================
2016-11-22 15:54:05,576 INFO:    generations : 100
2016-11-22 15:54:05,576 INFO:     inital pop : 200
2016-11-22 15:54:05,576 INFO:       pop size : 100
2016-11-22 15:54:05,576 INFO:  mutation rate : 0.1
2016-11-22 15:54:05,576 INFO:      grow rate : 0.2
2016-11-22 15:54:05,582 INFO:Path 0 found
2016-11-22 15:54:05,582 INFO:Path 1 found
2016-11-22 15:54:05,582 INFO:Path 2 found
2016-11-22 15:54:05,598 INFO:Path 3 found
2016-11-22 15:54:05,598 INFO:Path 4 found
2016-11-22 15:54:05,615 INFO:Path 5 found
2016-11-22 15:54:05,615 INFO:Path 6 found
2016-11-22 15:54:05,630 INFO:Path 7 found
2016-11-22 15:54:05,630 INFO:Path 8 found
2016-11-22 15:54:05,645 INFO:Path 9 found
2016-11-22 15:54:05,645 INFO:Path 10 found
2016-11-22 15:54:05,645 INFO:Path 11 found
2016-11-22 15:54:05,661 INFO:Path 12 found
2016-11-22 15:54:05,661 INFO:Path 13 found
2016-11-22 15:54:05,680 INFO:Path 14 found
2016-11-22 15:54:05,684 INFO:Path 15 found
2016-11-22 15:54:05,684 INFO:Path 16 found
2016-11-22 15:54:05,698 INFO:Path 17 found
2016-11-22 15:54:05,698 INFO:Path 18 found
2016-11-22 15:54:05,698 INFO:Path 19 found
2016-11-22 15:54:05,714 INFO:Path 20 found
2016-11-22 15:54:05,714 INFO:Path 21 found
2016-11-22 15:54:05,730 INFO:Path 22 found
2016-11-22 15:54:05,730 INFO:Path 23 found
2016-11-22 15:54:05,746 INFO:Path 24 found
2016-11-22 15:54:05,746 INFO:Path 25 found
2016-11-22 15:54:05,762 INFO:Path 26 found
2016-11-22 15:54:05,762 INFO:Path 27 found
2016-11-22 15:54:05,762 INFO:Path 28 found
2016-11-22 15:54:05,782 INFO:Path 29 found
2016-11-22 15:54:05,783 INFO:Path 30 found
2016-11-22 15:54:05,783 INFO:Path 31 found
2016-11-22 15:54:05,799 INFO:Path 32 found
2016-11-22 15:54:05,799 INFO:Path 33 found
2016-11-22 15:54:05,815 INFO:Path 34 found
2016-11-22 15:54:05,815 INFO:Path 35 found
2016-11-22 15:54:05,815 INFO:Path 36 found
2016-11-22 15:54:05,831 INFO:Path 37 found
2016-11-22 15:54:05,831 INFO:Path 38 found
2016-11-22 15:54:05,846 INFO:Path 39 found
2016-11-22 15:54:05,846 INFO:Path 40 found
2016-11-22 15:54:05,861 INFO:Path 41 found
2016-11-22 15:54:05,861 INFO:Path 42 found
2016-11-22 15:54:05,861 INFO:Path 43 found
2016-11-22 15:54:05,884 INFO:Path 44 found
2016-11-22 15:54:05,884 INFO:Path 45 found
2016-11-22 15:54:05,884 INFO:Path 46 found
2016-11-22 15:54:05,900 INFO:Path 47 found
2016-11-22 15:54:05,900 INFO:Path 48 found
2016-11-22 15:54:05,915 INFO:Path 49 found
2016-11-22 15:54:05,915 INFO:Path 50 found
2016-11-22 15:54:05,930 INFO:Path 51 found
2016-11-22 15:54:05,930 INFO:Path 52 found
2016-11-22 15:54:05,930 INFO:Path 53 found
2016-11-22 15:54:05,947 INFO:Path 54 found
2016-11-22 15:54:05,947 INFO:Path 55 found
2016-11-22 15:54:05,961 INFO:Path 56 found
2016-11-22 15:54:05,961 INFO:Path 57 found
2016-11-22 15:54:05,979 INFO:Path 58 found
2016-11-22 15:54:05,986 INFO:Path 59 found
2016-11-22 15:54:05,993 INFO:Path 60 found
2016-11-22 15:54:06,000 INFO:Path 61 found
2016-11-22 15:54:06,006 INFO:Path 62 found
2016-11-22 15:54:06,013 INFO:Path 63 found
2016-11-22 15:54:06,019 INFO:Path 64 found
2016-11-22 15:54:06,026 INFO:Path 65 found
2016-11-22 15:54:06,033 INFO:Path 66 found
2016-11-22 15:54:06,039 INFO:Path 67 found
2016-11-22 15:54:06,046 INFO:Path 68 found
2016-11-22 15:54:06,053 INFO:Path 69 found
2016-11-22 15:54:06,059 INFO:Path 70 found
2016-11-22 15:54:06,066 INFO:Path 71 found
2016-11-22 15:54:06,073 INFO:Path 72 found
2016-11-22 15:54:06,081 INFO:Path 73 found
2016-11-22 15:54:06,088 INFO:Path 74 found
2016-11-22 15:54:06,094 INFO:Path 75 found
2016-11-22 15:54:06,101 INFO:Path 76 found
2016-11-22 15:54:06,108 INFO:Path 77 found
2016-11-22 15:54:06,115 INFO:Path 78 found
2016-11-22 15:54:06,121 INFO:Path 79 found
2016-11-22 15:54:06,128 INFO:Path 80 found
2016-11-22 15:54:06,134 INFO:Path 81 found
2016-11-22 15:54:06,141 INFO:Path 82 found
2016-11-22 15:54:06,148 INFO:Path 83 found
2016-11-22 15:54:06,154 INFO:Path 84 found
2016-11-22 15:54:06,161 INFO:Path 85 found
2016-11-22 15:54:06,168 INFO:Path 86 found
2016-11-22 15:54:06,176 INFO:Path 87 found
2016-11-22 15:54:06,181 INFO:Path 88 found
2016-11-22 15:54:06,188 INFO:Path 89 found
2016-11-22 15:54:06,196 INFO:Path 90 found
2016-11-22 15:54:06,203 INFO:Path 91 found
2016-11-22 15:54:06,209 INFO:Path 92 found
2016-11-22 15:54:06,216 INFO:Path 93 found
2016-11-22 15:54:06,223 INFO:Path 94 found
2016-11-22 15:54:06,230 INFO:Path 95 found
2016-11-22 15:54:06,236 INFO:Path 96 found
2016-11-22 15:54:06,243 INFO:Path 97 found
2016-11-22 15:54:06,250 INFO:Path 98 found
2016-11-22 15:54:06,256 INFO:Path 99 found
2016-11-22 15:54:06,263 INFO:Path 100 found
2016-11-22 15:54:06,270 INFO:Path 101 found
2016-11-22 15:54:06,278 INFO:Path 102 found
2016-11-22 15:54:06,285 INFO:Path 103 found
2016-11-22 15:54:06,292 INFO:Path 104 found
2016-11-22 15:54:06,299 INFO:Path 105 found
2016-11-22 15:54:06,305 INFO:Path 106 found
2016-11-22 15:54:06,312 INFO:Path 107 found
2016-11-22 15:54:06,319 INFO:Path 108 found
2016-11-22 15:54:06,325 INFO:Path 109 found
2016-11-22 15:54:06,332 INFO:Path 110 found
2016-11-22 15:54:06,339 INFO:Path 111 found
2016-11-22 15:54:06,346 INFO:Path 112 found
2016-11-22 15:54:06,352 INFO:Path 113 found
2016-11-22 15:54:06,359 INFO:Path 114 found
2016-11-22 15:54:06,367 INFO:Path 115 found
2016-11-22 15:54:06,374 INFO:Path 116 found
2016-11-22 15:54:06,381 INFO:Path 117 found
2016-11-22 15:54:06,388 INFO:Path 118 found
2016-11-22 15:54:06,394 INFO:Path 119 found
2016-11-22 15:54:06,401 INFO:Path 120 found
2016-11-22 15:54:06,407 INFO:Path 121 found
2016-11-22 15:54:06,414 INFO:Path 122 found
2016-11-22 15:54:06,421 INFO:Path 123 found
2016-11-22 15:54:06,428 INFO:Path 124 found
2016-11-22 15:54:06,436 INFO:Path 125 found
2016-11-22 15:54:06,443 INFO:Path 126 found
2016-11-22 15:54:06,448 INFO:Path 127 found
2016-11-22 15:54:06,456 INFO:Path 128 found
2016-11-22 15:54:06,463 INFO:Path 129 found
2016-11-22 15:54:06,470 INFO:Path 130 found
2016-11-22 15:54:06,476 INFO:Path 131 found
2016-11-22 15:54:06,483 INFO:Path 132 found
2016-11-22 15:54:06,490 INFO:Path 133 found
2016-11-22 15:54:06,496 INFO:Path 134 found
2016-11-22 15:54:06,503 INFO:Path 135 found
2016-11-22 15:54:06,510 INFO:Path 136 found
2016-11-22 15:54:06,517 INFO:Path 137 found
2016-11-22 15:54:06,525 INFO:Path 138 found
2016-11-22 15:54:06,530 INFO:Path 139 found
2016-11-22 15:54:06,538 INFO:Path 140 found
2016-11-22 15:54:06,545 INFO:Path 141 found
2016-11-22 15:54:06,552 INFO:Path 142 found
2016-11-22 15:54:06,559 INFO:Path 143 found
2016-11-22 15:54:06,565 INFO:Path 144 found
2016-11-22 15:54:06,572 INFO:Path 145 found
2016-11-22 15:54:06,578 INFO:Path 146 found
2016-11-22 15:54:06,585 INFO:Path 147 found
2016-11-22 15:54:06,592 INFO:Path 148 found
2016-11-22 15:54:06,599 INFO:Path 149 found
2016-11-22 15:54:06,607 INFO:Path 150 found
2016-11-22 15:54:06,612 INFO:Path 151 found
2016-11-22 15:54:06,619 INFO:Path 152 found
2016-11-22 15:54:06,628 INFO:Path 153 found
2016-11-22 15:54:06,634 INFO:Path 154 found
2016-11-22 15:54:06,641 INFO:Path 155 found
2016-11-22 15:54:06,648 INFO:Path 156 found
2016-11-22 15:54:06,655 INFO:Path 157 found
2016-11-22 15:54:06,661 INFO:Path 158 found
2016-11-22 15:54:06,668 INFO:Path 159 found
2016-11-22 15:54:06,676 INFO:Path 160 found
2016-11-22 15:54:06,683 INFO:Path 161 found
2016-11-22 15:54:06,690 INFO:Path 162 found
2016-11-22 15:54:06,696 INFO:Path 163 found
2016-11-22 15:54:06,703 INFO:Path 164 found
2016-11-22 15:54:06,710 INFO:Path 165 found
2016-11-22 15:54:06,717 INFO:Path 166 found
2016-11-22 15:54:06,723 INFO:Path 167 found
2016-11-22 15:54:06,730 INFO:Path 168 found
2016-11-22 15:54:06,736 INFO:Path 169 found
2016-11-22 15:54:06,743 INFO:Path 170 found
2016-11-22 15:54:06,750 INFO:Path 171 found
2016-11-22 15:54:06,756 INFO:Path 172 found
2016-11-22 15:54:06,763 INFO:Path 173 found
2016-11-22 15:54:06,770 INFO:Path 174 found
2016-11-22 15:54:06,776 INFO:Path 175 found
2016-11-22 15:54:06,783 INFO:Path 176 found
2016-11-22 15:54:06,790 INFO:Path 177 found
2016-11-22 15:54:06,798 INFO:Path 178 found
2016-11-22 15:54:06,803 INFO:Path 179 found
2016-11-22 15:54:06,811 INFO:Path 180 found
2016-11-22 15:54:06,818 INFO:Path 181 found
2016-11-22 15:54:06,825 INFO:Path 182 found
2016-11-22 15:54:06,832 INFO:Path 183 found
2016-11-22 15:54:06,838 INFO:Path 184 found
2016-11-22 15:54:06,845 INFO:Path 185 found
2016-11-22 15:54:06,851 INFO:Path 186 found
2016-11-22 15:54:06,858 INFO:Path 187 found
2016-11-22 15:54:06,865 INFO:Path 188 found
2016-11-22 15:54:06,871 INFO:Path 189 found
2016-11-22 15:54:06,878 INFO:Path 190 found
2016-11-22 15:54:06,885 INFO:Path 191 found
2016-11-22 15:54:06,891 INFO:Path 192 found
2016-11-22 15:54:06,898 INFO:Path 193 found
2016-11-22 15:54:06,905 INFO:Path 194 found
2016-11-22 15:54:06,913 INFO:Path 195 found
2016-11-22 15:54:06,918 INFO:Path 196 found
2016-11-22 15:54:06,926 INFO:Path 197 found
2016-11-22 15:54:06,933 INFO:Path 198 found
2016-11-22 15:54:06,940 INFO:Path 199 found
2016-11-22 15:54:08,318 INFO:paths generated : 200
2016-11-22 15:54:08,318 INFO:====GENERATION01====
2016-11-22 16:02:00,062 INFO:Logging init parameters : {'fileMode': 'w', 'format': '%(asctime)s %(levelname)s:%(message)s', 'level': 20, 'filename': './GA.log'}
2016-11-22 16:02:00,062 INFO:Model 0 inititalized
2016-11-22 16:02:00,076 INFO:Loading map : ./maps/sample.png [29,30]
2016-11-22 16:02:00,161 INFO:Adding poi (1, 28)
2016-11-22 16:02:00,161 INFO:Adding poi (2, 28)
2016-11-22 16:02:00,161 INFO:Adding poi (3, 28)
2016-11-22 16:02:00,161 INFO:Adding poi (4, 28)
2016-11-22 16:02:00,161 INFO:Adding poi (13, 1)
2016-11-22 16:02:00,161 INFO:Adding poi (13, 2)
2016-11-22 16:02:00,161 INFO:Adding poi (13, 3)
2016-11-22 16:02:00,161 INFO:Adding poi (14, 1)
2016-11-22 16:02:00,161 INFO:Adding poi (14, 2)
2016-11-22 16:02:00,161 INFO:Adding poi (14, 3)
2016-11-22 16:02:00,161 INFO:Adding poi (15, 1)
2016-11-22 16:02:00,161 INFO:Adding poi (15, 2)
2016-11-22 16:02:00,161 INFO:Adding poi (25, 28)
2016-11-22 16:02:00,161 INFO:Adding poi (26, 28)
2016-11-22 16:02:00,161 INFO:Adding poi (27, 28)
2016-11-22 16:02:00,161 INFO:====================
2016-11-22 16:02:00,161 INFO:= GENETIC  PATHING =
2016-11-22 16:02:00,161 INFO:====================
2016-11-22 16:02:00,161 INFO:    generations : 100
2016-11-22 16:02:00,161 INFO:     inital pop : 200
2016-11-22 16:02:00,161 INFO:       pop size : 100
2016-11-22 16:02:00,161 INFO:  mutation rate : 0.1
2016-11-22 16:02:00,161 INFO:      grow rate : 0.2
2016-11-22 16:02:11,164 INFO:Logging init parameters : {'fileMode': 'w', 'format': '%(asctime)s %(levelname)s:%(message)s', 'level': 20, 'filename': './GA.log'}
2016-11-22 16:02:11,164 INFO:Model 0 inititalized
2016-11-22 16:02:11,180 INFO:Loading map : ./maps/sample.png [29,30]
2016-11-22 16:02:11,250 INFO:Adding poi (1, 28)
2016-11-22 16:02:11,250 INFO:Adding poi (2, 28)
2016-11-22 16:02:11,250 INFO:Adding poi (3, 28)
2016-11-22 16:02:11,250 INFO:Adding poi (4, 28)
2016-11-22 16:02:11,250 INFO:Adding poi (13, 1)
2016-11-22 16:02:11,250 INFO:Adding poi (13, 2)
2016-11-22 16:02:11,250 INFO:Adding poi (13, 3)
2016-11-22 16:02:11,250 INFO:Adding poi (14, 1)
2016-11-22 16:02:11,250 INFO:Adding poi (14, 2)
2016-11-22 16:02:11,250 INFO:Adding poi (14, 3)
2016-11-22 16:02:11,250 INFO:Adding poi (15, 1)
2016-11-22 16:02:11,250 INFO:Adding poi (15, 2)
2016-11-22 16:02:11,250 INFO:Adding poi (25, 28)
2016-11-22 16:02:11,250 INFO:Adding poi (26, 28)
2016-11-22 16:02:11,250 INFO:Adding poi (27, 28)
2016-11-22 16:02:11,250 INFO:====================
2016-11-22 16:02:11,250 INFO:= GENETIC  PATHING =
2016-11-22 16:02:11,250 INFO:====================
2016-11-22 16:02:11,250 INFO:    generations : 100
2016-11-22 16:02:11,250 INFO:     inital pop : 200
2016-11-22 16:02:11,250 INFO:       pop size : 100
2016-11-22 16:02:11,250 INFO:  mutation rate : 0.1
2016-11-22 16:02:11,250 INFO:      grow rate : 0.2
2016-11-22 16:02:24,782 INFO:Logging init parameters : {'fileMode': 'w', 'format': '%(asctime)s %(levelname)s:%(message)s', 'level': 20, 'filename': './GA.log'}
2016-11-22 16:02:24,782 INFO:Model 0 inititalized
2016-11-22 16:02:24,799 INFO:Loading map : ./maps/sample.png [29,30]
2016-11-22 16:02:24,884 INFO:Adding poi (1, 28)
2016-11-22 16:02:24,884 INFO:Adding poi (2, 28)
2016-11-22 16:02:24,884 INFO:Adding poi (3, 28)
2016-11-22 16:02:24,884 INFO:Adding poi (4, 28)
2016-11-22 16:02:24,884 INFO:Adding poi (13, 1)
2016-11-22 16:02:24,884 INFO:Adding poi (13, 2)
2016-11-22 16:02:24,884 INFO:Adding poi (13, 3)
2016-11-22 16:02:24,884 INFO:Adding poi (14, 1)
2016-11-22 16:02:24,884 INFO:Adding poi (14, 2)
2016-11-22 16:02:24,884 INFO:Adding poi (14, 3)
2016-11-22 16:02:24,884 INFO:Adding poi (15, 1)
2016-11-22 16:02:24,884 INFO:Adding poi (15, 2)
2016-11-22 16:02:24,884 INFO:Adding poi (25, 28)
2016-11-22 16:02:24,884 INFO:Adding poi (26, 28)
2016-11-22 16:02:24,884 INFO:Adding poi (27, 28)
2016-11-22 16:02:24,884 INFO:====================
2016-11-22 16:02:24,884 INFO:= GENETIC  PATHING =
2016-11-22 16:02:24,884 INFO:====================
2016-11-22 16:02:24,884 INFO:    generations : 100
2016-11-22 16:02:24,884 INFO:     inital pop : 200
2016-11-22 16:02:24,884 INFO:       pop size : 100
2016-11-22 16:02:24,884 INFO:  mutation rate : 0.1
2016-11-22 16:02:24,884 INFO:      grow rate : 0.2
2016-11-22 16:02:36,168 INFO:Logging init parameters : {'fileMode': 'w', 'format': '%(asctime)s %(levelname)s:%(message)s', 'level': 20, 'filename': './GA.log'}
2016-11-22 16:02:36,168 INFO:Model 0 inititalized
2016-11-22 16:02:36,184 INFO:Loading map : ./maps/sample.png [29,30]
2016-11-22 16:02:36,269 INFO:Adding poi (1, 28)
2016-11-22 16:02:36,269 INFO:Adding poi (2, 28)
2016-11-22 16:02:36,269 INFO:Adding poi (3, 28)
2016-11-22 16:02:36,269 INFO:Adding poi (4, 28)
2016-11-22 16:02:36,269 INFO:Adding poi (13, 1)
2016-11-22 16:02:36,269 INFO:Adding poi (13, 2)
2016-11-22 16:02:36,269 INFO:Adding poi (13, 3)
2016-11-22 16:02:36,269 INFO:Adding poi (14, 1)
2016-11-22 16:02:36,269 INFO:Adding poi (14, 2)
2016-11-22 16:02:36,269 INFO:Adding poi (14, 3)
2016-11-22 16:02:36,269 INFO:Adding poi (15, 1)
2016-11-22 16:02:36,269 INFO:Adding poi (15, 2)
2016-11-22 16:02:36,269 INFO:Adding poi (25, 28)
2016-11-22 16:02:36,269 INFO:Adding poi (26, 28)
2016-11-22 16:02:36,269 INFO:Adding poi (27, 28)
2016-11-22 16:02:36,269 INFO:====================
2016-11-22 16:02:36,269 INFO:= GENETIC  PATHING =
2016-11-22 16:02:36,269 INFO:====================
2016-11-22 16:02:36,269 INFO:    generations : 100
2016-11-22 16:02:36,269 INFO:     inital pop : 200
2016-11-22 16:02:36,269 INFO:       pop size : 100
2016-11-22 16:02:36,269 INFO:  mutation rate : 0.1
2016-11-22 16:02:36,269 INFO:      grow rate : 0.2
2016-11-22 16:02:36,269 INFO:paths generated : 1
2016-11-22 16:02:36,269 INFO:====GENERATION01====
2016-11-22 16:02:43,838 INFO:Logging init parameters : {'fileMode': 'w', 'format': '%(asctime)s %(levelname)s:%(message)s', 'level': 20, 'filename': './GA.log'}
2016-11-22 16:02:43,838 INFO:Model 0 inititalized
2016-11-22 16:02:43,859 INFO:Loading map : ./maps/sample.png [29,30]
2016-11-22 16:02:43,938 INFO:Adding poi (1, 28)
2016-11-22 16:02:43,938 INFO:Adding poi (2, 28)
2016-11-22 16:02:43,938 INFO:Adding poi (3, 28)
2016-11-22 16:02:43,938 INFO:Adding poi (4, 28)
2016-11-22 16:02:43,938 INFO:Adding poi (13, 1)
2016-11-22 16:02:43,938 INFO:Adding poi (13, 2)
2016-11-22 16:02:43,938 INFO:Adding poi (13, 3)
2016-11-22 16:02:43,938 INFO:Adding poi (14, 1)
2016-11-22 16:02:43,938 INFO:Adding poi (14, 2)
2016-11-22 16:02:43,938 INFO:Adding poi (14, 3)
2016-11-22 16:02:43,938 INFO:Adding poi (15, 1)
2016-11-22 16:02:43,938 INFO:Adding poi (15, 2)
2016-11-22 16:02:43,938 INFO:Adding poi (25, 28)
2016-11-22 16:02:43,938 INFO:Adding poi (26, 28)
2016-11-22 16:02:43,938 INFO:Adding poi (27, 28)
2016-11-22 16:02:43,938 INFO:====================
2016-11-22 16:02:43,938 INFO:= GENETIC  PATHING =
2016-11-22 16:02:43,938 INFO:====================
2016-11-22 16:02:43,938 INFO:    generations : 100
2016-11-22 16:02:43,938 INFO:     inital pop : 200
2016-11-22 16:02:43,938 INFO:       pop size : 100
2016-11-22 16:02:43,938 INFO:  mutation rate : 0.1
2016-11-22 16:02:43,938 INFO:      grow rate : 0.2
2016-11-22 16:02:43,938 INFO:paths generated : 1
2016-11-22 16:02:43,938 INFO:====GENERATION01====
2016-11-22 16:03:02,964 INFO:Logging init parameters : {'fileMode': 'w', 'format': '%(asctime)s %(levelname)s:%(message)s', 'level': 20, 'filename': './GA.log'}
2016-11-22 16:03:02,964 INFO:Model 0 inititalized
2016-11-22 16:03:02,980 INFO:Loading map : ./maps/sample.png [29,30]
2016-11-22 16:03:03,049 INFO:Adding poi (1, 28)
2016-11-22 16:03:03,049 INFO:Adding poi (2, 28)
2016-11-22 16:03:03,049 INFO:Adding poi (3, 28)
2016-11-22 16:03:03,049 INFO:Adding poi (4, 28)
2016-11-22 16:03:03,049 INFO:Adding poi (13, 1)
2016-11-22 16:03:03,049 INFO:Adding poi (13, 2)
2016-11-22 16:03:03,049 INFO:Adding poi (13, 3)
2016-11-22 16:03:03,049 INFO:Adding poi (14, 1)
2016-11-22 16:03:03,049 INFO:Adding poi (14, 2)
2016-11-22 16:03:03,049 INFO:Adding poi (14, 3)
2016-11-22 16:03:03,049 INFO:Adding poi (15, 1)
2016-11-22 16:03:03,049 INFO:Adding poi (15, 2)
2016-11-22 16:03:03,049 INFO:Adding poi (25, 28)
2016-11-22 16:03:03,049 INFO:Adding poi (26, 28)
2016-11-22 16:03:03,049 INFO:Adding poi (27, 28)
2016-11-22 16:03:03,049 INFO:====================
2016-11-22 16:03:03,049 INFO:= GENETIC  PATHING =
2016-11-22 16:03:03,049 INFO:====================
2016-11-22 16:03:03,049 INFO:    generations : 100
2016-11-22 16:03:03,049 INFO:     inital pop : 200
2016-11-22 16:03:03,049 INFO:       pop size : 100
2016-11-22 16:03:03,049 INFO:  mutation rate : 0.1
2016-11-22 16:03:03,049 INFO:      grow rate : 0.2
2016-11-22 16:03:03,049 INFO:paths generated : 1
2016-11-22 16:03:03,049 INFO:====GENERATION01====
