[0, 10, 50, 5]
0.336453190893
0.478501820094
0.38318665997
0.122495035761
0.122223838857
0.0751191674685
*** IGD ***
rank ,                   name ,    med   ,  iqr 
----------------------------------------------------
1 ,                gens_50 ,    5 ,    2 
2 ,                gens_10 ,    9 ,    2 
2 ,                 gens_5 ,    9 ,    3 
3 ,                 gens_0 ,   18 ,    3 

*** Spread ***
rank ,                   name ,    med   ,  iqr 
----------------------------------------------------
1 ,                 gens_0 ,   37 ,    6 
2 ,                 gens_5 ,   42 ,   18 
2 ,                gens_10 ,   43 ,    7 
2 ,                gens_50 ,   46 ,   16 
